<?xml version="1.0" encoding="UTF-8"?>
<!-- Generated by org.testng.reporters.JUnitReportReporter -->
<testsuite hostname="LAPTOP-LFU0PBV8" failures="0" tests="1" name="com.salesforce.tests.AutomationScript" time="7.492" errors="0" timestamp="2022-06-21T15:28:25 EDT" skipped="0">
  <testcase classname="com.salesforce.tests.AutomationScript" name="loginToSalesforceClearPassword" time="7.492"/>
  <system-out/>
</testsuite> <!-- com.salesforce.tests.AutomationScript -->
